# JRE version: Java(TM) SE Runtime Environment (8.0_71-b15) (build 1.8.0_71-b15)
# Java VM: Java HotSpot(TM) 64-Bit Server VM (25.71-b15 mixed mode windows-amd64 compressed oops)
Heap:
 PSYoungGen      total 34816K, used 25229K [0x00000000d9a00000, 0x00000000dde00000, 0x0000000100000000)
  eden space 30208K, 83% used [0x00000000d9a00000,0x00000000db2a35f0,0x00000000db780000)
  from space 4608K, 0% used [0x00000000dbc00000,0x00000000dbc00000,0x00000000dc080000)
  to   space 4608K, 0% used [0x00000000db780000,0x00000000db780000,0x00000000dbc00000)
 ParOldGen       total 54272K, used 5220K [0x000000008ce00000, 0x0000000090300000, 0x00000000d9a00000)
  object space 54272K, 9% used [0x000000008ce00000,0x000000008d319390,0x0000000090300000)
 Metaspace       used 26607K, capacity 26994K, committed 27264K, reserved 1073152K
  class space    used 3495K, capacity 3703K, committed 3712K, reserved 1048576K
GC Heap History (6 events):
Event: 4.046 GC heap before
{Heap before GC invocations=1 (full 0):
 PSYoungGen      total 34816K, used 30208K [0x00000000d9a00000, 0x00000000dc080000, 0x0000000100000000)
  eden space 30208K, 100% used [0x00000000d9a00000,0x00000000db780000,0x00000000db780000)
  from space 4608K, 0% used [0x00000000dbc00000,0x00000000dbc00000,0x00000000dc080000)
  to   space 4608K, 0% used [0x00000000db780000,0x00000000db780000,0x00000000dbc00000)
 ParOldGen       total 79360K, used 0K [0x000000008ce00000, 0x0000000091b80000, 0x00000000d9a00000)
  object space 79360K, 0% used [0x000000008ce00000,0x000000008ce00000,0x0000000091b80000)
 Metaspace       used 18614K, capacity 18850K, committed 18944K, reserved 1064960K
  class space    used 2457K, capacity 2545K, committed 2560K, reserved 1048576K
Event: 4.081 GC heap after
Heap after GC invocations=1 (full 0):
 PSYoungGen      total 34816K, used 4578K [0x00000000d9a00000, 0x00000000dc080000, 0x0000000100000000)
  eden space 30208K, 0% used [0x00000000d9a00000,0x00000000d9a00000,0x00000000db780000)
  from space 4608K, 99% used [0x00000000db780000,0x00000000dbbf8ae8,0x00000000dbc00000)
  to   space 4608K, 0% used [0x00000000dbc00000,0x00000000dbc00000,0x00000000dc080000)
 ParOldGen       total 79360K, used 1569K [0x000000008ce00000, 0x0000000091b80000, 0x00000000d9a00000)
  object space 79360K, 1% used [0x000000008ce00000,0x000000008cf885c0,0x0000000091b80000)
 Metaspace       used 18614K, capacity 18850K, committed 18944K, reserved 1064960K
  class space    used 2457K, capacity 2545K, committed 2560K, reserved 1048576K
}
Event: 5.064 GC heap before
{Heap before GC invocations=2 (full 0):
 PSYoungGen      total 34816K, used 15791K [0x00000000d9a00000, 0x00000000dc080000, 0x0000000100000000)
  eden space 30208K, 37% used [0x00000000d9a00000,0x00000000da4f3260,0x00000000db780000)
  from space 4608K, 99% used [0x00000000db780000,0x00000000dbbf8ae8,0x00000000dbc00000)
  to   space 4608K, 0% used [0x00000000dbc00000,0x00000000dbc00000,0x00000000dc080000)
 ParOldGen       total 79360K, used 1569K [0x000000008ce00000, 0x0000000091b80000, 0x00000000d9a00000)
  object space 79360K, 1% used [0x000000008ce00000,0x000000008cf885c0,0x0000000091b80000)
 Metaspace       used 20943K, capacity 21134K, committed 21248K, reserved 1067008K
  class space    used 2693K, capacity 2771K, committed 2816K, reserved 1048576K
Event: 5.087 GC heap after
Heap after GC invocations=2 (full 0):
 PSYoungGen      total 34816K, used 4594K [0x00000000d9a00000, 0x00000000dde00000, 0x0000000100000000)
  eden space 30208K, 0% used [0x00000000d9a00000,0x00000000d9a00000,0x00000000db780000)
  from space 4608K, 99% used [0x00000000dbc00000,0x00000000dc07c860,0x00000000dc080000)
  to   space 4608K, 0% used [0x00000000db780000,0x00000000db780000,0x00000000dbc00000)
 ParOldGen       total 79360K, used 2342K [0x000000008ce00000, 0x0000000091b80000, 0x00000000d9a00000)
  object space 79360K, 2% used [0x000000008ce00000,0x000000008d049870,0x0000000091b80000)
 Metaspace       used 20943K, capacity 21134K, committed 21248K, reserved 1067008K
  class space    used 2693K, capacity 2771K, committed 2816K, reserved 1048576K
}
Event: 5.087 GC heap before
{Heap before GC invocations=3 (full 1):
 PSYoungGen      total 34816K, used 4594K [0x00000000d9a00000, 0x00000000dde00000, 0x0000000100000000)
  eden space 30208K, 0% used [0x00000000d9a00000,0x00000000d9a00000,0x00000000db780000)
  from space 4608K, 99% used [0x00000000dbc00000,0x00000000dc07c860,0x00000000dc080000)
  to   space 4608K, 0% used [0x00000000db780000,0x00000000db780000,0x00000000dbc00000)
 ParOldGen       total 79360K, used 2342K [0x000000008ce00000, 0x0000000091b80000, 0x00000000d9a00000)
  object space 79360K, 2% used [0x000000008ce00000,0x000000008d049870,0x0000000091b80000)
 Metaspace       used 20943K, capacity 21134K, committed 21248K, reserved 1067008K
  class space    used 2693K, capacity 2771K, committed 2816K, reserved 1048576K
Event: 5.182 GC heap after
Heap after GC invocations=3 (full 1):
 PSYoungGen      total 34816K, used 0K [0x00000000d9a00000, 0x00000000dde00000, 0x0000000100000000)
  eden space 30208K, 0% used [0x00000000d9a00000,0x00000000d9a00000,0x00000000db780000)
  from space 4608K, 0% used [0x00000000dbc00000,0x00000000dbc00000,0x00000000dc080000)
  to   space 4608K, 0% used [0x00000000db780000,0x00000000db780000,0x00000000dbc00000)
 ParOldGen       total 54272K, used 5220K [0x000000008ce00000, 0x0000000090300000, 0x00000000d9a00000)
  object space 54272K, 9% used [0x000000008ce00000,0x000000008d319390,0x0000000090300000)
 Metaspace       used 20943K, capacity 21134K, committed 21248K, reserved 1067008K
  class space    used 2693K, capacity 2771K, committed 2816K, reserved 1048576K
}

