# JRE version: Java(TM) SE Runtime Environment (8.0_101-b13) (build 1.8.0_101-b13)
# Java VM: Java HotSpot(TM) 64-Bit Server VM (25.101-b13 mixed mode windows-amd64 compressed oops)
Heap:
 PSYoungGen      total 51712K, used 24660K [0x00000000d6300000, 0x00000000da080000, 0x0000000100000000)
  eden space 46592K, 41% used [0x00000000d6300000,0x00000000d7616c48,0x00000000d9080000)
  from space 5120K, 99% used [0x00000000d9580000,0x00000000d9a7e5b0,0x00000000d9a80000)
  to   space 5120K, 0% used [0x00000000d9080000,0x00000000d9080000,0x00000000d9580000)
 ParOldGen       total 64000K, used 23069K [0x0000000082800000, 0x0000000086680000, 0x00000000d6300000)
  object space 64000K, 36% used [0x0000000082800000,0x0000000083e875c8,0x0000000086680000)
 Metaspace       used 27657K, capacity 27950K, committed 28288K, reserved 1073152K
  class space    used 3473K, capacity 3594K, committed 3712K, reserved 1048576K
GC Heap History (10 events):
Event: 2.779 GC heap before
{Heap before GC invocations=1 (full 0):
 PSYoungGen      total 37888K, used 32768K [0x00000000d6300000, 0x00000000d8d00000, 0x0000000100000000)
  eden space 32768K, 100% used [0x00000000d6300000,0x00000000d8300000,0x00000000d8300000)
  from space 5120K, 0% used [0x00000000d8800000,0x00000000d8800000,0x00000000d8d00000)
  to   space 5120K, 0% used [0x00000000d8300000,0x00000000d8300000,0x00000000d8800000)
 ParOldGen       total 86016K, used 0K [0x0000000082800000, 0x0000000087c00000, 0x00000000d6300000)
  object space 86016K, 0% used [0x0000000082800000,0x0000000082800000,0x0000000087c00000)
 Metaspace       used 19130K, capacity 19374K, committed 19456K, reserved 1067008K
  class space    used 2464K, capacity 2559K, committed 2560K, reserved 1048576K
Event: 2.795 GC heap after
Heap after GC invocations=1 (full 0):
 PSYoungGen      total 37888K, used 5088K [0x00000000d6300000, 0x00000000d8d00000, 0x0000000100000000)
  eden space 32768K, 0% used [0x00000000d6300000,0x00000000d6300000,0x00000000d8300000)
  from space 5120K, 99% used [0x00000000d8300000,0x00000000d87f8268,0x00000000d8800000)
  to   space 5120K, 0% used [0x00000000d8800000,0x00000000d8800000,0x00000000d8d00000)
 ParOldGen       total 86016K, used 3331K [0x0000000082800000, 0x0000000087c00000, 0x00000000d6300000)
  object space 86016K, 3% used [0x0000000082800000,0x0000000082b40d38,0x0000000087c00000)
 Metaspace       used 19130K, capacity 19374K, committed 19456K, reserved 1067008K
  class space    used 2464K, capacity 2559K, committed 2560K, reserved 1048576K
}
Event: 3.425 GC heap before
{Heap before GC invocations=2 (full 0):
 PSYoungGen      total 37888K, used 16688K [0x00000000d6300000, 0x00000000d8d00000, 0x0000000100000000)
  eden space 32768K, 35% used [0x00000000d6300000,0x00000000d6e53f78,0x00000000d8300000)
  from space 5120K, 99% used [0x00000000d8300000,0x00000000d87f8268,0x00000000d8800000)
  to   space 5120K, 0% used [0x00000000d8800000,0x00000000d8800000,0x00000000d8d00000)
 ParOldGen       total 86016K, used 3331K [0x0000000082800000, 0x0000000087c00000, 0x00000000d6300000)
  object space 86016K, 3% used [0x0000000082800000,0x0000000082b40d38,0x0000000087c00000)
 Metaspace       used 20841K, capacity 21082K, committed 21296K, reserved 1069056K
  class space    used 2577K, capacity 2657K, committed 2688K, reserved 1048576K
Event: 3.437 GC heap after
Heap after GC invocations=2 (full 0):
 PSYoungGen      total 37888K, used 5088K [0x00000000d6300000, 0x00000000dad00000, 0x0000000100000000)
  eden space 32768K, 0% used [0x00000000d6300000,0x00000000d6300000,0x00000000d8300000)
  from space 5120K, 99% used [0x00000000d8800000,0x00000000d8cf8288,0x00000000d8d00000)
  to   space 5120K, 0% used [0x00000000d8300000,0x00000000d8300000,0x00000000d8800000)
 ParOldGen       total 86016K, used 4423K [0x0000000082800000, 0x0000000087c00000, 0x00000000d6300000)
  object space 86016K, 5% used [0x0000000082800000,0x0000000082c51ec8,0x0000000087c00000)
 Metaspace       used 20841K, capacity 21082K, committed 21296K, reserved 1069056K
  class space    used 2577K, capacity 2657K, committed 2688K, reserved 1048576K
}
Event: 3.437 GC heap before
{Heap before GC invocations=3 (full 1):
 PSYoungGen      total 37888K, used 5088K [0x00000000d6300000, 0x00000000dad00000, 0x0000000100000000)
  eden space 32768K, 0% used [0x00000000d6300000,0x00000000d6300000,0x00000000d8300000)
  from space 5120K, 99% used [0x00000000d8800000,0x00000000d8cf8288,0x00000000d8d00000)
  to   space 5120K, 0% used [0x00000000d8300000,0x00000000d8300000,0x00000000d8800000)
 ParOldGen       total 86016K, used 4423K [0x0000000082800000, 0x0000000087c00000, 0x00000000d6300000)
  object space 86016K, 5% used [0x0000000082800000,0x0000000082c51ec8,0x0000000087c00000)
 Metaspace       used 20841K, capacity 21082K, committed 21296K, reserved 1069056K
  class space    used 2577K, capacity 2657K, committed 2688K, reserved 1048576K
Event: 3.501 GC heap after
Heap after GC invocations=3 (full 1):
 PSYoungGen      total 37888K, used 0K [0x00000000d6300000, 0x00000000dad00000, 0x0000000100000000)
  eden space 32768K, 0% used [0x00000000d6300000,0x00000000d6300000,0x00000000d8300000)
  from space 5120K, 0% used [0x00000000d8800000,0x00000000d8800000,0x00000000d8d00000)
  to   space 5120K, 0% used [0x00000000d8300000,0x00000000d8300000,0x00000000d8800000)
 ParOldGen       total 64000K, used 6784K [0x0000000082800000, 0x0000000086680000, 0x00000000d6300000)
  object space 64000K, 10% used [0x0000000082800000,0x0000000082ea0220,0x0000000086680000)
 Metaspace       used 20841K, capacity 21082K, committed 21296K, reserved 1069056K
  class space    used 2577K, capacity 2657K, committed 2688K, reserved 1048576K
}
Event: 4.523 GC heap before
{Heap before GC invocations=4 (full 1):
 PSYoungGen      total 37888K, used 32768K [0x00000000d6300000, 0x00000000dad00000, 0x0000000100000000)
  eden space 32768K, 100% used [0x00000000d6300000,0x00000000d8300000,0x00000000d8300000)
  from space 5120K, 0% used [0x00000000d8800000,0x00000000d8800000,0x00000000d8d00000)
  to   space 5120K, 0% used [0x00000000d8300000,0x00000000d8300000,0x00000000d8800000)
 ParOldGen       total 64000K, used 6784K [0x0000000082800000, 0x0000000086680000, 0x00000000d6300000)
  object space 64000K, 10% used [0x0000000082800000,0x0000000082ea0220,0x0000000086680000)
 Metaspace       used 23534K, capacity 23834K, committed 24192K, reserved 1071104K
  class space    used 2999K, capacity 3144K, committed 3200K, reserved 1048576K
Event: 4.542 GC heap after
Heap after GC invocations=4 (full 1):
 PSYoungGen      total 37888K, used 5116K [0x00000000d6300000, 0x00000000d9a80000, 0x0000000100000000)
  eden space 32768K, 0% used [0x00000000d6300000,0x00000000d6300000,0x00000000d8300000)
  from space 5120K, 99% used [0x00000000d8300000,0x00000000d87ff138,0x00000000d8800000)
  to   space 5120K, 0% used [0x00000000d9580000,0x00000000d9580000,0x00000000d9a80000)
 ParOldGen       total 64000K, used 11322K [0x0000000082800000, 0x0000000086680000, 0x00000000d6300000)
  object space 64000K, 17% used [0x0000000082800000,0x000000008330eac8,0x0000000086680000)
 Metaspace       used 23534K, capacity 23834K, committed 24192K, reserved 1071104K
  class space    used 2999K, capacity 3144K, committed 3200K, reserved 1048576K
}
Event: 4.990 GC heap before
{Heap before GC invocations=5 (full 1):
 PSYoungGen      total 37888K, used 37884K [0x00000000d6300000, 0x00000000d9a80000, 0x0000000100000000)
  eden space 32768K, 100% used [0x00000000d6300000,0x00000000d8300000,0x00000000d8300000)
  from space 5120K, 99% used [0x00000000d8300000,0x00000000d87ff138,0x00000000d8800000)
  to   space 5120K, 0% used [0x00000000d9580000,0x00000000d9580000,0x00000000d9a80000)
 ParOldGen       total 64000K, used 11322K [0x0000000082800000, 0x0000000086680000, 0x00000000d6300000)
  object space 64000K, 17% used [0x0000000082800000,0x000000008330eac8,0x0000000086680000)
 Metaspace       used 23545K, capacity 23834K, committed 24192K, reserved 1071104K
  class space    used 2999K, capacity 3144K, committed 3200K, reserved 1048576K
Event: 5.024 GC heap after
Heap after GC invocations=5 (full 1):
 PSYoungGen      total 51712K, used 5113K [0x00000000d6300000, 0x00000000da080000, 0x0000000100000000)
  eden space 46592K, 0% used [0x00000000d6300000,0x00000000d6300000,0x00000000d9080000)
  from space 5120K, 99% used [0x00000000d9580000,0x00000000d9a7e5b0,0x00000000d9a80000)
  to   space 5120K, 0% used [0x00000000d9080000,0x00000000d9080000,0x00000000d9580000)
 ParOldGen       total 64000K, used 23069K [0x0000000082800000, 0x0000000086680000, 0x00000000d6300000)
  object space 64000K, 36% used [0x0000000082800000,0x0000000083e875c8,0x0000000086680000)
 Metaspace       used 23545K, capacity 23834K, committed 24192K, reserved 1071104K
  class space    used 2999K, capacity 3144K, committed 3200K, reserved 1048576K
}

